mode: set
github.com/eferhatg/slimlist/slimlist/email.go:16.42,17.17 1 1
github.com/eferhatg/slimlist/slimlist/email.go:29.2,29.26 1 1
github.com/eferhatg/slimlist/slimlist/email.go:17.17,28.3 3 1
github.com/eferhatg/slimlist/slimlist/email.go:47.51,49.2 1 1
github.com/eferhatg/slimlist/slimlist/email.go:57.60,61.2 3 1
github.com/eferhatg/slimlist/slimlist/task.go:30.43,33.2 2 1
github.com/eferhatg/slimlist/slimlist/task.go:36.47,39.2 2 1
github.com/eferhatg/slimlist/slimlist/user.go:26.43,29.26 2 1
github.com/eferhatg/slimlist/slimlist/user.go:35.2,36.21 2 1
github.com/eferhatg/slimlist/slimlist/user.go:29.26,30.23 1 1
github.com/eferhatg/slimlist/slimlist/user.go:30.23,32.4 1 1
github.com/eferhatg/slimlist/slimlist/user.go:40.33,42.27 1 1
github.com/eferhatg/slimlist/slimlist/user.go:45.2,45.12 1 1
github.com/eferhatg/slimlist/slimlist/user.go:42.27,44.3 1 1
github.com/eferhatg/slimlist/slimlist/user.go:49.59,58.2 3 1
github.com/eferhatg/slimlist/slimlist/user.go:61.63,62.49 1 1
github.com/eferhatg/slimlist/slimlist/user.go:65.2,67.12 2 1
github.com/eferhatg/slimlist/slimlist/user.go:62.49,64.3 1 1
github.com/eferhatg/slimlist/slimlist/user.go:71.89,74.16 2 1
github.com/eferhatg/slimlist/slimlist/user.go:78.2,79.16 2 1
github.com/eferhatg/slimlist/slimlist/user.go:82.2,84.12 2 1
github.com/eferhatg/slimlist/slimlist/user.go:74.16,76.3 1 0
github.com/eferhatg/slimlist/slimlist/user.go:79.16,81.3 1 0
github.com/eferhatg/slimlist/slimlist/user.go:87.78,92.33 3 1
github.com/eferhatg/slimlist/slimlist/user.go:97.2,97.26 1 1
github.com/eferhatg/slimlist/slimlist/user.go:92.33,93.27 1 1
github.com/eferhatg/slimlist/slimlist/user.go:93.27,95.4 1 1
