mode: set
github.com/eferhatg/slimlist/slimlist/email.go:16.42,17.17 1 1
github.com/eferhatg/slimlist/slimlist/email.go:29.2,29.26 1 1
github.com/eferhatg/slimlist/slimlist/email.go:17.17,28.3 3 1
github.com/eferhatg/slimlist/slimlist/email.go:47.51,49.2 1 1
github.com/eferhatg/slimlist/slimlist/email.go:57.60,61.2 3 1
github.com/eferhatg/slimlist/slimlist/task.go:33.42,40.2 1 1
github.com/eferhatg/slimlist/slimlist/task.go:43.43,46.2 2 1
github.com/eferhatg/slimlist/slimlist/task.go:49.47,52.2 2 1
github.com/eferhatg/slimlist/slimlist/user.go:26.43,29.26 2 1
github.com/eferhatg/slimlist/slimlist/user.go:35.2,36.21 2 1
github.com/eferhatg/slimlist/slimlist/user.go:29.26,30.23 1 1
github.com/eferhatg/slimlist/slimlist/user.go:30.23,32.4 1 1
github.com/eferhatg/slimlist/slimlist/user.go:40.33,42.27 1 1
github.com/eferhatg/slimlist/slimlist/user.go:45.2,45.12 1 1
github.com/eferhatg/slimlist/slimlist/user.go:42.27,44.3 1 1
github.com/eferhatg/slimlist/slimlist/user.go:49.59,53.2 3 1
github.com/eferhatg/slimlist/slimlist/user.go:56.63,57.49 1 1
github.com/eferhatg/slimlist/slimlist/user.go:60.2,62.12 2 1
github.com/eferhatg/slimlist/slimlist/user.go:57.49,59.3 1 1
github.com/eferhatg/slimlist/slimlist/user.go:66.89,69.16 2 1
github.com/eferhatg/slimlist/slimlist/user.go:73.2,73.41 1 1
github.com/eferhatg/slimlist/slimlist/user.go:69.16,71.3 1 0
github.com/eferhatg/slimlist/slimlist/user.go:78.70,82.2 3 1
github.com/eferhatg/slimlist/slimlist/user.go:85.56,87.27 1 1
github.com/eferhatg/slimlist/slimlist/user.go:91.2,91.31 1 1
github.com/eferhatg/slimlist/slimlist/user.go:98.2,98.69 1 0
github.com/eferhatg/slimlist/slimlist/user.go:87.27,89.3 1 1
github.com/eferhatg/slimlist/slimlist/user.go:91.31,92.17 1 1
github.com/eferhatg/slimlist/slimlist/user.go:92.17,95.4 2 1
github.com/eferhatg/slimlist/slimlist/user.go:101.78,106.33 3 1
github.com/eferhatg/slimlist/slimlist/user.go:111.2,111.26 1 1
github.com/eferhatg/slimlist/slimlist/user.go:106.33,107.27 1 1
github.com/eferhatg/slimlist/slimlist/user.go:107.27,109.4 1 1
github.com/eferhatg/slimlist/slimlist/user.go:114.60,116.2 1 1
github.com/eferhatg/slimlist/slimlist/comment.go:13.51,18.2 1 1
